Analysis & Synthesis report for trabalho_final
Sat May 14 07:37:37 2022
Quartus II 64-Bit Version 13.0.1 Build 232 06/12/2013 Service Pack 1 SJ Web Edition


---------------------
; Table of Contents ;
---------------------
  1. Legal Notice
  2. Analysis & Synthesis Summary
  3. Analysis & Synthesis Settings
  4. Parallel Compilation
  5. Analysis & Synthesis Source Files Read
  6. Analysis & Synthesis Resource Usage Summary
  7. Analysis & Synthesis Resource Utilization by Entity
  8. General Register Statistics
  9. Elapsed Time Per Partition
 10. Analysis & Synthesis Messages



----------------
; Legal Notice ;
----------------
Copyright (C) 1991-2013 Altera Corporation
Your use of Altera Corporation's design tools, logic functions 
and other software and tools, and its AMPP partner logic 
functions, and any output files from any of the foregoing 
(including device programming or simulation files), and any 
associated documentation or information are expressly subject 
to the terms and conditions of the Altera Program License 
Subscription Agreement, Altera MegaCore Function License 
Agreement, or other applicable license agreement, including, 
without limitation, that your use is for the sole purpose of 
programming logic devices manufactured by Altera and sold by 
Altera or its authorized distributors.  Please refer to the 
applicable agreement for further details.



+--------------------------------------------------------------------------------------+
; Analysis & Synthesis Summary                                                         ;
+------------------------------------+-------------------------------------------------+
; Analysis & Synthesis Status        ; Successful - Sat May 14 07:37:37 2022           ;
; Quartus II 64-Bit Version          ; 13.0.1 Build 232 06/12/2013 SP 1 SJ Web Edition ;
; Revision Name                      ; trabalho_final                                  ;
; Top-level Entity Name              ; trabalho_final                                  ;
; Family                             ; Cyclone III                                     ;
; Total logic elements               ; 76                                              ;
;     Total combinational functions  ; 76                                              ;
;     Dedicated logic registers      ; 15                                              ;
; Total registers                    ; 15                                              ;
; Total pins                         ; 31                                              ;
; Total virtual pins                 ; 0                                               ;
; Total memory bits                  ; 0                                               ;
; Embedded Multiplier 9-bit elements ; 0                                               ;
; Total PLLs                         ; 0                                               ;
+------------------------------------+-------------------------------------------------+


+----------------------------------------------------------------------------------------------------------------------+
; Analysis & Synthesis Settings                                                                                        ;
+----------------------------------------------------------------------------+--------------------+--------------------+
; Option                                                                     ; Setting            ; Default Value      ;
+----------------------------------------------------------------------------+--------------------+--------------------+
; Device                                                                     ; EP3C16F484C6       ;                    ;
; Top-level entity name                                                      ; trabalho_final     ; trabalho_final     ;
; Family name                                                                ; Cyclone III        ; Cyclone IV GX      ;
; Use smart compilation                                                      ; Off                ; Off                ;
; Enable parallel Assembler and TimeQuest Timing Analyzer during compilation ; On                 ; On                 ;
; Enable compact report table                                                ; Off                ; Off                ;
; Restructure Multiplexers                                                   ; Auto               ; Auto               ;
; Create Debugging Nodes for IP Cores                                        ; Off                ; Off                ;
; Preserve fewer node names                                                  ; On                 ; On                 ;
; Disable OpenCore Plus hardware evaluation                                  ; Off                ; Off                ;
; Verilog Version                                                            ; Verilog_2001       ; Verilog_2001       ;
; VHDL Version                                                               ; VHDL_1993          ; VHDL_1993          ;
; State Machine Processing                                                   ; Auto               ; Auto               ;
; Safe State Machine                                                         ; Off                ; Off                ;
; Extract Verilog State Machines                                             ; On                 ; On                 ;
; Extract VHDL State Machines                                                ; On                 ; On                 ;
; Ignore Verilog initial constructs                                          ; Off                ; Off                ;
; Iteration limit for constant Verilog loops                                 ; 5000               ; 5000               ;
; Iteration limit for non-constant Verilog loops                             ; 250                ; 250                ;
; Add Pass-Through Logic to Inferred RAMs                                    ; On                 ; On                 ;
; Infer RAMs from Raw Logic                                                  ; On                 ; On                 ;
; Parallel Synthesis                                                         ; On                 ; On                 ;
; DSP Block Balancing                                                        ; Auto               ; Auto               ;
; NOT Gate Push-Back                                                         ; On                 ; On                 ;
; Power-Up Don't Care                                                        ; On                 ; On                 ;
; Remove Redundant Logic Cells                                               ; Off                ; Off                ;
; Remove Duplicate Registers                                                 ; On                 ; On                 ;
; Ignore CARRY Buffers                                                       ; Off                ; Off                ;
; Ignore CASCADE Buffers                                                     ; Off                ; Off                ;
; Ignore GLOBAL Buffers                                                      ; Off                ; Off                ;
; Ignore ROW GLOBAL Buffers                                                  ; Off                ; Off                ;
; Ignore LCELL Buffers                                                       ; Off                ; Off                ;
; Ignore SOFT Buffers                                                        ; On                 ; On                 ;
; Limit AHDL Integers to 32 Bits                                             ; Off                ; Off                ;
; Optimization Technique                                                     ; Balanced           ; Balanced           ;
; Carry Chain Length                                                         ; 70                 ; 70                 ;
; Auto Carry Chains                                                          ; On                 ; On                 ;
; Auto Open-Drain Pins                                                       ; On                 ; On                 ;
; Perform WYSIWYG Primitive Resynthesis                                      ; Off                ; Off                ;
; Auto ROM Replacement                                                       ; On                 ; On                 ;
; Auto RAM Replacement                                                       ; On                 ; On                 ;
; Auto DSP Block Replacement                                                 ; On                 ; On                 ;
; Auto Shift Register Replacement                                            ; Auto               ; Auto               ;
; Allow Shift Register Merging across Hierarchies                            ; Auto               ; Auto               ;
; Auto Clock Enable Replacement                                              ; On                 ; On                 ;
; Strict RAM Replacement                                                     ; Off                ; Off                ;
; Allow Synchronous Control Signals                                          ; On                 ; On                 ;
; Force Use of Synchronous Clear Signals                                     ; Off                ; Off                ;
; Auto RAM Block Balancing                                                   ; On                 ; On                 ;
; Auto RAM to Logic Cell Conversion                                          ; Off                ; Off                ;
; Auto Resource Sharing                                                      ; Off                ; Off                ;
; Allow Any RAM Size For Recognition                                         ; Off                ; Off                ;
; Allow Any ROM Size For Recognition                                         ; Off                ; Off                ;
; Allow Any Shift Register Size For Recognition                              ; Off                ; Off                ;
; Use LogicLock Constraints during Resource Balancing                        ; On                 ; On                 ;
; Ignore translate_off and synthesis_off directives                          ; Off                ; Off                ;
; Timing-Driven Synthesis                                                    ; On                 ; On                 ;
; Report Parameter Settings                                                  ; On                 ; On                 ;
; Report Source Assignments                                                  ; On                 ; On                 ;
; Report Connectivity Checks                                                 ; On                 ; On                 ;
; Ignore Maximum Fan-Out Assignments                                         ; Off                ; Off                ;
; Synchronization Register Chain Length                                      ; 2                  ; 2                  ;
; PowerPlay Power Optimization                                               ; Normal compilation ; Normal compilation ;
; HDL message level                                                          ; Level2             ; Level2             ;
; Suppress Register Optimization Related Messages                            ; Off                ; Off                ;
; Number of Removed Registers Reported in Synthesis Report                   ; 5000               ; 5000               ;
; Number of Swept Nodes Reported in Synthesis Report                         ; 5000               ; 5000               ;
; Number of Inverted Registers Reported in Synthesis Report                  ; 100                ; 100                ;
; Clock MUX Protection                                                       ; On                 ; On                 ;
; Auto Gated Clock Conversion                                                ; Off                ; Off                ;
; Block Design Naming                                                        ; Auto               ; Auto               ;
; SDC constraint protection                                                  ; Off                ; Off                ;
; Synthesis Effort                                                           ; Auto               ; Auto               ;
; Shift Register Replacement - Allow Asynchronous Clear Signal               ; On                 ; On                 ;
; Pre-Mapping Resynthesis Optimization                                       ; Off                ; Off                ;
; Analysis & Synthesis Message Level                                         ; Medium             ; Medium             ;
; Disable Register Merging Across Hierarchies                                ; Auto               ; Auto               ;
; Resource Aware Inference For Block RAM                                     ; On                 ; On                 ;
; Synthesis Seed                                                             ; 1                  ; 1                  ;
+----------------------------------------------------------------------------+--------------------+--------------------+


Parallel compilation was disabled, but you have multiple processors available. Enable parallel compilation to reduce compilation time.
+-------------------------------------+
; Parallel Compilation                ;
+----------------------------+--------+
; Processors                 ; Number ;
+----------------------------+--------+
; Number detected on machine ; 8      ;
; Maximum allowed            ; 1      ;
+----------------------------+--------+


+-------------------------------------------------------------------------------------------------------------------------------------------------------------------------------+
; Analysis & Synthesis Source Files Read                                                                                                                                        ;
+----------------------------------+-----------------+------------------------------------+---------------------------------------------------------------------------+---------+
; File Name with User-Entered Path ; Used in Netlist ; File Type                          ; File Name with Absolute Path                                              ; Library ;
+----------------------------------+-----------------+------------------------------------+---------------------------------------------------------------------------+---------+
; display_g.bdf                    ; yes             ; User Block Diagram/Schematic File  ; D:/source/GitHub/Circuitos-Digitais-Projeto-Final/display_g.bdf           ;         ;
; display_f.bdf                    ; yes             ; User Block Diagram/Schematic File  ; D:/source/GitHub/Circuitos-Digitais-Projeto-Final/display_f.bdf           ;         ;
; display_e.bdf                    ; yes             ; User Block Diagram/Schematic File  ; D:/source/GitHub/Circuitos-Digitais-Projeto-Final/display_e.bdf           ;         ;
; display_d.bdf                    ; yes             ; User Block Diagram/Schematic File  ; D:/source/GitHub/Circuitos-Digitais-Projeto-Final/display_d.bdf           ;         ;
; display_c.bdf                    ; yes             ; User Block Diagram/Schematic File  ; D:/source/GitHub/Circuitos-Digitais-Projeto-Final/display_c.bdf           ;         ;
; display_b.bdf                    ; yes             ; User Block Diagram/Schematic File  ; D:/source/GitHub/Circuitos-Digitais-Projeto-Final/display_b.bdf           ;         ;
; display_a.bdf                    ; yes             ; User Block Diagram/Schematic File  ; D:/source/GitHub/Circuitos-Digitais-Projeto-Final/display_a.bdf           ;         ;
; decod_7_seg.bdf                  ; yes             ; User Block Diagram/Schematic File  ; D:/source/GitHub/Circuitos-Digitais-Projeto-Final/decod_7_seg.bdf         ;         ;
; cronometer_control.bdf           ; yes             ; User Block Diagram/Schematic File  ; D:/source/GitHub/Circuitos-Digitais-Projeto-Final/cronometer_control.bdf  ;         ;
; half_adder_top.bdf               ; yes             ; User Block Diagram/Schematic File  ; D:/source/GitHub/Circuitos-Digitais-Projeto-Final/half_adder_top.bdf      ;         ;
; full_adder_top.bdf               ; yes             ; User Block Diagram/Schematic File  ; D:/source/GitHub/Circuitos-Digitais-Projeto-Final/full_adder_top.bdf      ;         ;
; mod3_bcd.bdf                     ; yes             ; User Block Diagram/Schematic File  ; D:/source/GitHub/Circuitos-Digitais-Projeto-Final/mod3_bcd.bdf            ;         ;
; mux2to1_top.bdf                  ; yes             ; User Block Diagram/Schematic File  ; D:/source/GitHub/Circuitos-Digitais-Projeto-Final/mux2to1_top.bdf         ;         ;
; mod60_counter.bdf                ; yes             ; User Block Diagram/Schematic File  ; D:/source/GitHub/Circuitos-Digitais-Projeto-Final/mod60_counter.bdf       ;         ;
; trabalho_final.bdf               ; yes             ; User Block Diagram/Schematic File  ; D:/source/GitHub/Circuitos-Digitais-Projeto-Final/trabalho_final.bdf      ;         ;
; sixbit_inc_register.bdf          ; yes             ; User Block Diagram/Schematic File  ; D:/source/GitHub/Circuitos-Digitais-Projeto-Final/sixbit_inc_register.bdf ;         ;
; sixbit_to_bcd.bdf                ; yes             ; User Block Diagram/Schematic File  ; D:/source/GitHub/Circuitos-Digitais-Projeto-Final/sixbit_to_bcd.bdf       ;         ;
+----------------------------------+-----------------+------------------------------------+---------------------------------------------------------------------------+---------+


+---------------------------------------------------------+
; Analysis & Synthesis Resource Usage Summary             ;
+---------------------------------------------+-----------+
; Resource                                    ; Usage     ;
+---------------------------------------------+-----------+
; Estimated Total logic elements              ; 76        ;
;                                             ;           ;
; Total combinational functions               ; 76        ;
; Logic element usage by number of LUT inputs ;           ;
;     -- 4 input functions                    ; 45        ;
;     -- 3 input functions                    ; 25        ;
;     -- <=2 input functions                  ; 6         ;
;                                             ;           ;
; Logic elements by mode                      ;           ;
;     -- normal mode                          ; 76        ;
;     -- arithmetic mode                      ; 0         ;
;                                             ;           ;
; Total registers                             ; 15        ;
;     -- Dedicated logic registers            ; 15        ;
;     -- I/O registers                        ; 0         ;
;                                             ;           ;
; I/O pins                                    ; 31        ;
; Embedded Multiplier 9-bit elements          ; 0         ;
; Maximum fan-out node                        ; CLK~input ;
; Maximum fan-out                             ; 15        ;
; Total fan-out                               ; 368       ;
; Average fan-out                             ; 2.41      ;
+---------------------------------------------+-----------+


+---------------------------------------------------------------------------------------------------------------------------------------------------------------------------------------------------------------------------------+
; Analysis & Synthesis Resource Utilization by Entity                                                                                                                                                                             ;
+-------------------------------+-------------------+--------------+-------------+--------------+---------+-----------+------+--------------+----------------------------------------------------------------------+--------------+
; Compilation Hierarchy Node    ; LC Combinationals ; LC Registers ; Memory Bits ; DSP Elements ; DSP 9x9 ; DSP 18x18 ; Pins ; Virtual Pins ; Full Hierarchy Name                                                  ; Library Name ;
+-------------------------------+-------------------+--------------+-------------+--------------+---------+-----------+------+--------------+----------------------------------------------------------------------+--------------+
; |trabalho_final               ; 76 (0)            ; 15 (0)       ; 0           ; 0            ; 0       ; 0         ; 31   ; 0            ; |trabalho_final                                                      ; work         ;
;    |cronometer_control:inst5| ; 5 (5)             ; 3 (3)        ; 0           ; 0            ; 0       ; 0         ; 0    ; 0            ; |trabalho_final|cronometer_control:inst5                             ; work         ;
;    |decod_7_seg:inst1|        ; 9 (0)             ; 0 (0)        ; 0           ; 0            ; 0       ; 0         ; 0    ; 0            ; |trabalho_final|decod_7_seg:inst1                                    ; work         ;
;       |display_a:inst|        ; 1 (1)             ; 0 (0)        ; 0           ; 0            ; 0       ; 0         ; 0    ; 0            ; |trabalho_final|decod_7_seg:inst1|display_a:inst                     ; work         ;
;       |display_b:inst16|      ; 2 (2)             ; 0 (0)        ; 0           ; 0            ; 0       ; 0         ; 0    ; 0            ; |trabalho_final|decod_7_seg:inst1|display_b:inst16                   ; work         ;
;       |display_c:inst11|      ; 2 (2)             ; 0 (0)        ; 0           ; 0            ; 0       ; 0         ; 0    ; 0            ; |trabalho_final|decod_7_seg:inst1|display_c:inst11                   ; work         ;
;       |display_d:inst12|      ; 1 (1)             ; 0 (0)        ; 0           ; 0            ; 0       ; 0         ; 0    ; 0            ; |trabalho_final|decod_7_seg:inst1|display_d:inst12                   ; work         ;
;       |display_e:inst13|      ; 1 (1)             ; 0 (0)        ; 0           ; 0            ; 0       ; 0         ; 0    ; 0            ; |trabalho_final|decod_7_seg:inst1|display_e:inst13                   ; work         ;
;       |display_f:inst14|      ; 1 (1)             ; 0 (0)        ; 0           ; 0            ; 0       ; 0         ; 0    ; 0            ; |trabalho_final|decod_7_seg:inst1|display_f:inst14                   ; work         ;
;       |display_g:inst19|      ; 1 (1)             ; 0 (0)        ; 0           ; 0            ; 0       ; 0         ; 0    ; 0            ; |trabalho_final|decod_7_seg:inst1|display_g:inst19                   ; work         ;
;    |decod_7_seg:inst2|        ; 7 (0)             ; 0 (0)        ; 0           ; 0            ; 0       ; 0         ; 0    ; 0            ; |trabalho_final|decod_7_seg:inst2                                    ; work         ;
;       |display_a:inst|        ; 1 (1)             ; 0 (0)        ; 0           ; 0            ; 0       ; 0         ; 0    ; 0            ; |trabalho_final|decod_7_seg:inst2|display_a:inst                     ; work         ;
;       |display_b:inst16|      ; 1 (1)             ; 0 (0)        ; 0           ; 0            ; 0       ; 0         ; 0    ; 0            ; |trabalho_final|decod_7_seg:inst2|display_b:inst16                   ; work         ;
;       |display_c:inst11|      ; 1 (1)             ; 0 (0)        ; 0           ; 0            ; 0       ; 0         ; 0    ; 0            ; |trabalho_final|decod_7_seg:inst2|display_c:inst11                   ; work         ;
;       |display_d:inst12|      ; 1 (1)             ; 0 (0)        ; 0           ; 0            ; 0       ; 0         ; 0    ; 0            ; |trabalho_final|decod_7_seg:inst2|display_d:inst12                   ; work         ;
;       |display_e:inst13|      ; 1 (1)             ; 0 (0)        ; 0           ; 0            ; 0       ; 0         ; 0    ; 0            ; |trabalho_final|decod_7_seg:inst2|display_e:inst13                   ; work         ;
;       |display_f:inst14|      ; 1 (1)             ; 0 (0)        ; 0           ; 0            ; 0       ; 0         ; 0    ; 0            ; |trabalho_final|decod_7_seg:inst2|display_f:inst14                   ; work         ;
;       |display_g:inst19|      ; 1 (1)             ; 0 (0)        ; 0           ; 0            ; 0       ; 0         ; 0    ; 0            ; |trabalho_final|decod_7_seg:inst2|display_g:inst19                   ; work         ;
;    |decod_7_seg:inst3|        ; 9 (0)             ; 0 (0)        ; 0           ; 0            ; 0       ; 0         ; 0    ; 0            ; |trabalho_final|decod_7_seg:inst3                                    ; work         ;
;       |display_a:inst|        ; 1 (1)             ; 0 (0)        ; 0           ; 0            ; 0       ; 0         ; 0    ; 0            ; |trabalho_final|decod_7_seg:inst3|display_a:inst                     ; work         ;
;       |display_b:inst16|      ; 2 (2)             ; 0 (0)        ; 0           ; 0            ; 0       ; 0         ; 0    ; 0            ; |trabalho_final|decod_7_seg:inst3|display_b:inst16                   ; work         ;
;       |display_c:inst11|      ; 2 (2)             ; 0 (0)        ; 0           ; 0            ; 0       ; 0         ; 0    ; 0            ; |trabalho_final|decod_7_seg:inst3|display_c:inst11                   ; work         ;
;       |display_d:inst12|      ; 1 (1)             ; 0 (0)        ; 0           ; 0            ; 0       ; 0         ; 0    ; 0            ; |trabalho_final|decod_7_seg:inst3|display_d:inst12                   ; work         ;
;       |display_e:inst13|      ; 1 (1)             ; 0 (0)        ; 0           ; 0            ; 0       ; 0         ; 0    ; 0            ; |trabalho_final|decod_7_seg:inst3|display_e:inst13                   ; work         ;
;       |display_f:inst14|      ; 1 (1)             ; 0 (0)        ; 0           ; 0            ; 0       ; 0         ; 0    ; 0            ; |trabalho_final|decod_7_seg:inst3|display_f:inst14                   ; work         ;
;       |display_g:inst19|      ; 1 (1)             ; 0 (0)        ; 0           ; 0            ; 0       ; 0         ; 0    ; 0            ; |trabalho_final|decod_7_seg:inst3|display_g:inst19                   ; work         ;
;    |decod_7_seg:inst4|        ; 7 (0)             ; 0 (0)        ; 0           ; 0            ; 0       ; 0         ; 0    ; 0            ; |trabalho_final|decod_7_seg:inst4                                    ; work         ;
;       |display_a:inst|        ; 1 (1)             ; 0 (0)        ; 0           ; 0            ; 0       ; 0         ; 0    ; 0            ; |trabalho_final|decod_7_seg:inst4|display_a:inst                     ; work         ;
;       |display_b:inst16|      ; 1 (1)             ; 0 (0)        ; 0           ; 0            ; 0       ; 0         ; 0    ; 0            ; |trabalho_final|decod_7_seg:inst4|display_b:inst16                   ; work         ;
;       |display_c:inst11|      ; 1 (1)             ; 0 (0)        ; 0           ; 0            ; 0       ; 0         ; 0    ; 0            ; |trabalho_final|decod_7_seg:inst4|display_c:inst11                   ; work         ;
;       |display_d:inst12|      ; 1 (1)             ; 0 (0)        ; 0           ; 0            ; 0       ; 0         ; 0    ; 0            ; |trabalho_final|decod_7_seg:inst4|display_d:inst12                   ; work         ;
;       |display_e:inst13|      ; 1 (1)             ; 0 (0)        ; 0           ; 0            ; 0       ; 0         ; 0    ; 0            ; |trabalho_final|decod_7_seg:inst4|display_e:inst13                   ; work         ;
;       |display_f:inst14|      ; 1 (1)             ; 0 (0)        ; 0           ; 0            ; 0       ; 0         ; 0    ; 0            ; |trabalho_final|decod_7_seg:inst4|display_f:inst14                   ; work         ;
;       |display_g:inst19|      ; 1 (1)             ; 0 (0)        ; 0           ; 0            ; 0       ; 0         ; 0    ; 0            ; |trabalho_final|decod_7_seg:inst4|display_g:inst19                   ; work         ;
;    |mod60_counter:inst8|      ; 10 (10)           ; 6 (6)        ; 0           ; 0            ; 0       ; 0         ; 0    ; 0            ; |trabalho_final|mod60_counter:inst8                                  ; work         ;
;    |sixbit_inc_register:inst| ; 11 (11)           ; 6 (6)        ; 0           ; 0            ; 0       ; 0         ; 0    ; 0            ; |trabalho_final|sixbit_inc_register:inst                             ; work         ;
;    |sixbit_to_bcd:inst7|      ; 9 (0)             ; 0 (0)        ; 0           ; 0            ; 0       ; 0         ; 0    ; 0            ; |trabalho_final|sixbit_to_bcd:inst7                                  ; work         ;
;       |mod3_bcd:inst4|        ; 1 (1)             ; 0 (0)        ; 0           ; 0            ; 0       ; 0         ; 0    ; 0            ; |trabalho_final|sixbit_to_bcd:inst7|mod3_bcd:inst4                   ; work         ;
;       |mod3_bcd:inst5|        ; 4 (0)             ; 0 (0)        ; 0           ; 0            ; 0       ; 0         ; 0    ; 0            ; |trabalho_final|sixbit_to_bcd:inst7|mod3_bcd:inst5                   ; work         ;
;          |mux2to1_top:inst3|  ; 1 (1)             ; 0 (0)        ; 0           ; 0            ; 0       ; 0         ; 0    ; 0            ; |trabalho_final|sixbit_to_bcd:inst7|mod3_bcd:inst5|mux2to1_top:inst3 ; work         ;
;          |mux2to1_top:inst4|  ; 1 (1)             ; 0 (0)        ; 0           ; 0            ; 0       ; 0         ; 0    ; 0            ; |trabalho_final|sixbit_to_bcd:inst7|mod3_bcd:inst5|mux2to1_top:inst4 ; work         ;
;          |mux2to1_top:inst5|  ; 1 (1)             ; 0 (0)        ; 0           ; 0            ; 0       ; 0         ; 0    ; 0            ; |trabalho_final|sixbit_to_bcd:inst7|mod3_bcd:inst5|mux2to1_top:inst5 ; work         ;
;          |mux2to1_top:inst6|  ; 1 (1)             ; 0 (0)        ; 0           ; 0            ; 0       ; 0         ; 0    ; 0            ; |trabalho_final|sixbit_to_bcd:inst7|mod3_bcd:inst5|mux2to1_top:inst6 ; work         ;
;       |mod3_bcd:inst6|        ; 4 (0)             ; 0 (0)        ; 0           ; 0            ; 0       ; 0         ; 0    ; 0            ; |trabalho_final|sixbit_to_bcd:inst7|mod3_bcd:inst6                   ; work         ;
;          |mux2to1_top:inst3|  ; 1 (1)             ; 0 (0)        ; 0           ; 0            ; 0       ; 0         ; 0    ; 0            ; |trabalho_final|sixbit_to_bcd:inst7|mod3_bcd:inst6|mux2to1_top:inst3 ; work         ;
;          |mux2to1_top:inst4|  ; 1 (1)             ; 0 (0)        ; 0           ; 0            ; 0       ; 0         ; 0    ; 0            ; |trabalho_final|sixbit_to_bcd:inst7|mod3_bcd:inst6|mux2to1_top:inst4 ; work         ;
;          |mux2to1_top:inst5|  ; 1 (1)             ; 0 (0)        ; 0           ; 0            ; 0       ; 0         ; 0    ; 0            ; |trabalho_final|sixbit_to_bcd:inst7|mod3_bcd:inst6|mux2to1_top:inst5 ; work         ;
;          |mux2to1_top:inst6|  ; 1 (1)             ; 0 (0)        ; 0           ; 0            ; 0       ; 0         ; 0    ; 0            ; |trabalho_final|sixbit_to_bcd:inst7|mod3_bcd:inst6|mux2to1_top:inst6 ; work         ;
;    |sixbit_to_bcd:inst9|      ; 9 (0)             ; 0 (0)        ; 0           ; 0            ; 0       ; 0         ; 0    ; 0            ; |trabalho_final|sixbit_to_bcd:inst9                                  ; work         ;
;       |mod3_bcd:inst4|        ; 1 (1)             ; 0 (0)        ; 0           ; 0            ; 0       ; 0         ; 0    ; 0            ; |trabalho_final|sixbit_to_bcd:inst9|mod3_bcd:inst4                   ; work         ;
;       |mod3_bcd:inst5|        ; 4 (0)             ; 0 (0)        ; 0           ; 0            ; 0       ; 0         ; 0    ; 0            ; |trabalho_final|sixbit_to_bcd:inst9|mod3_bcd:inst5                   ; work         ;
;          |mux2to1_top:inst3|  ; 1 (1)             ; 0 (0)        ; 0           ; 0            ; 0       ; 0         ; 0    ; 0            ; |trabalho_final|sixbit_to_bcd:inst9|mod3_bcd:inst5|mux2to1_top:inst3 ; work         ;
;          |mux2to1_top:inst4|  ; 1 (1)             ; 0 (0)        ; 0           ; 0            ; 0       ; 0         ; 0    ; 0            ; |trabalho_final|sixbit_to_bcd:inst9|mod3_bcd:inst5|mux2to1_top:inst4 ; work         ;
;          |mux2to1_top:inst5|  ; 1 (1)             ; 0 (0)        ; 0           ; 0            ; 0       ; 0         ; 0    ; 0            ; |trabalho_final|sixbit_to_bcd:inst9|mod3_bcd:inst5|mux2to1_top:inst5 ; work         ;
;          |mux2to1_top:inst6|  ; 1 (1)             ; 0 (0)        ; 0           ; 0            ; 0       ; 0         ; 0    ; 0            ; |trabalho_final|sixbit_to_bcd:inst9|mod3_bcd:inst5|mux2to1_top:inst6 ; work         ;
;       |mod3_bcd:inst6|        ; 4 (0)             ; 0 (0)        ; 0           ; 0            ; 0       ; 0         ; 0    ; 0            ; |trabalho_final|sixbit_to_bcd:inst9|mod3_bcd:inst6                   ; work         ;
;          |mux2to1_top:inst3|  ; 1 (1)             ; 0 (0)        ; 0           ; 0            ; 0       ; 0         ; 0    ; 0            ; |trabalho_final|sixbit_to_bcd:inst9|mod3_bcd:inst6|mux2to1_top:inst3 ; work         ;
;          |mux2to1_top:inst4|  ; 1 (1)             ; 0 (0)        ; 0           ; 0            ; 0       ; 0         ; 0    ; 0            ; |trabalho_final|sixbit_to_bcd:inst9|mod3_bcd:inst6|mux2to1_top:inst4 ; work         ;
;          |mux2to1_top:inst5|  ; 1 (1)             ; 0 (0)        ; 0           ; 0            ; 0       ; 0         ; 0    ; 0            ; |trabalho_final|sixbit_to_bcd:inst9|mod3_bcd:inst6|mux2to1_top:inst5 ; work         ;
;          |mux2to1_top:inst6|  ; 1 (1)             ; 0 (0)        ; 0           ; 0            ; 0       ; 0         ; 0    ; 0            ; |trabalho_final|sixbit_to_bcd:inst9|mod3_bcd:inst6|mux2to1_top:inst6 ; work         ;
+-------------------------------+-------------------+--------------+-------------+--------------+---------+-----------+------+--------------+----------------------------------------------------------------------+--------------+
Note: For table entries with two numbers listed, the numbers in parentheses indicate the number of resources of the given type used by the specific entity alone. The numbers listed outside of parentheses indicate the total resources of the given type used by the specific entity and all of its sub-entities in the hierarchy.


+------------------------------------------------------+
; General Register Statistics                          ;
+----------------------------------------------+-------+
; Statistic                                    ; Value ;
+----------------------------------------------+-------+
; Total registers                              ; 15    ;
; Number of registers using Synchronous Clear  ; 0     ;
; Number of registers using Synchronous Load   ; 0     ;
; Number of registers using Asynchronous Clear ; 12    ;
; Number of registers using Asynchronous Load  ; 0     ;
; Number of registers using Clock Enable       ; 0     ;
; Number of registers using Preset             ; 0     ;
+----------------------------------------------+-------+


+-------------------------------+
; Elapsed Time Per Partition    ;
+----------------+--------------+
; Partition Name ; Elapsed Time ;
+----------------+--------------+
; Top            ; 00:00:01     ;
+----------------+--------------+


+-------------------------------+
; Analysis & Synthesis Messages ;
+-------------------------------+
Info: *******************************************************************
Info: Running Quartus II 64-Bit Analysis & Synthesis
    Info: Version 13.0.1 Build 232 06/12/2013 Service Pack 1 SJ Web Edition
    Info: Processing started: Sat May 14 07:37:35 2022
Info: Command: quartus_map --read_settings_files=on --write_settings_files=off trabalho_final -c trabalho_final
Warning (20028): Parallel compilation is not licensed and has been disabled
Info (12021): Found 1 design units, including 1 entities, in source file display_g.bdf
    Info (12023): Found entity 1: display_g
Info (12021): Found 1 design units, including 1 entities, in source file display_f.bdf
    Info (12023): Found entity 1: display_f
Info (12021): Found 1 design units, including 1 entities, in source file display_e.bdf
    Info (12023): Found entity 1: display_e
Info (12021): Found 1 design units, including 1 entities, in source file display_d.bdf
    Info (12023): Found entity 1: display_d
Info (12021): Found 1 design units, including 1 entities, in source file display_c.bdf
    Info (12023): Found entity 1: display_c
Info (12021): Found 1 design units, including 1 entities, in source file display_b.bdf
    Info (12023): Found entity 1: display_b
Info (12021): Found 1 design units, including 1 entities, in source file display_a.bdf
    Info (12023): Found entity 1: display_a
Info (12021): Found 1 design units, including 1 entities, in source file decod_7_seg.bdf
    Info (12023): Found entity 1: decod_7_seg
Info (12021): Found 1 design units, including 1 entities, in source file cronometer_control.bdf
    Info (12023): Found entity 1: cronometer_control
Info (12021): Found 1 design units, including 1 entities, in source file half_adder_top.bdf
    Info (12023): Found entity 1: half_adder_top
Info (12021): Found 1 design units, including 1 entities, in source file full_adder_top.bdf
    Info (12023): Found entity 1: full_adder_top
Info (12021): Found 1 design units, including 1 entities, in source file mod3_bcd.bdf
    Info (12023): Found entity 1: mod3_bcd
Info (12021): Found 1 design units, including 1 entities, in source file mux2to1_top.bdf
    Info (12023): Found entity 1: mux2to1_top
Info (12021): Found 1 design units, including 1 entities, in source file mod60_counter.bdf
    Info (12023): Found entity 1: mod60_counter
Info (12021): Found 1 design units, including 1 entities, in source file trabalho_final.bdf
    Info (12023): Found entity 1: trabalho_final
Info (12021): Found 1 design units, including 1 entities, in source file sixbit_inc_register.bdf
    Info (12023): Found entity 1: sixbit_inc_register
Info (12021): Found 1 design units, including 1 entities, in source file sixbit_to_bcd.bdf
    Info (12023): Found entity 1: sixbit_to_bcd
Info (12127): Elaborating entity "trabalho_final" for the top level hierarchy
Info (12128): Elaborating entity "decod_7_seg" for hierarchy "decod_7_seg:inst2"
Info (12128): Elaborating entity "display_g" for hierarchy "decod_7_seg:inst2|display_g:inst19"
Info (12128): Elaborating entity "display_f" for hierarchy "decod_7_seg:inst2|display_f:inst14"
Info (12128): Elaborating entity "display_e" for hierarchy "decod_7_seg:inst2|display_e:inst13"
Info (12128): Elaborating entity "display_d" for hierarchy "decod_7_seg:inst2|display_d:inst12"
Info (12128): Elaborating entity "display_c" for hierarchy "decod_7_seg:inst2|display_c:inst11"
Info (12128): Elaborating entity "display_b" for hierarchy "decod_7_seg:inst2|display_b:inst16"
Info (12128): Elaborating entity "display_a" for hierarchy "decod_7_seg:inst2|display_a:inst"
Info (12128): Elaborating entity "sixbit_to_bcd" for hierarchy "sixbit_to_bcd:inst9"
Info (12128): Elaborating entity "mod3_bcd" for hierarchy "sixbit_to_bcd:inst9|mod3_bcd:inst6"
Info (12128): Elaborating entity "full_adder_top" for hierarchy "sixbit_to_bcd:inst9|mod3_bcd:inst6|full_adder_top:inst9"
Info (12128): Elaborating entity "half_adder_top" for hierarchy "sixbit_to_bcd:inst9|mod3_bcd:inst6|half_adder_top:inst8"
Info (12128): Elaborating entity "mux2to1_top" for hierarchy "sixbit_to_bcd:inst9|mod3_bcd:inst6|mux2to1_top:inst3"
Info (12128): Elaborating entity "sixbit_inc_register" for hierarchy "sixbit_inc_register:inst"
Info (12128): Elaborating entity "mod60_counter" for hierarchy "mod60_counter:inst8"
Info (12128): Elaborating entity "cronometer_control" for hierarchy "cronometer_control:inst5"
Info (286030): Timing-Driven Synthesis is running
Info (16010): Generating hard_block partition "hard_block:auto_generated_inst"
    Info (16011): Adding 0 node(s), including 0 DDIO, 0 PLL, 0 transceiver and 0 LCELL
Info (21057): Implemented 107 device resources after synthesis - the final resource count might be different
    Info (21058): Implemented 3 input pins
    Info (21059): Implemented 28 output pins
    Info (21061): Implemented 76 logic cells
Info: Quartus II 64-Bit Analysis & Synthesis was successful. 0 errors, 1 warning
    Info: Peak virtual memory: 4582 megabytes
    Info: Processing ended: Sat May 14 07:37:37 2022
    Info: Elapsed time: 00:00:02
    Info: Total CPU time (on all processors): 00:00:02


